<?xml version="1.0" encoding="UTF-8"?>
<!-- Generated by org.testng.reporters.JUnitReportReporter -->
<testsuite skipped="0" hostname="LAPTOP-C44P0VHU" name="com.saurabh.testcases.DownloadFileConcept" tests="1" failures="0" timestamp="31 Aug 2021 13:35:46 GMT" time="15.470" errors="0">
  <testcase name="downloadFile" time="15.470" classname="com.saurabh.testcases.DownloadFileConcept"/>
</testsuite> <!-- com.saurabh.testcases.DownloadFileConcept -->
